The system is: Linux - 4.4.27-1 - x86_64
Compiling the C compiler identification source file "CMakeCCompilerId.c" succeeded.
Compiler: /usr/bin/cc 
Build flags: 
Id flags:  

The output was:
0


Compilation of the C compiler identification source "CMakeCCompilerId.c" produced "a.out"

The C compiler identification is GNU, found in "/tmp/tmp.7SuB7nBQlt/cmake-build-debug-remote-host/CMakeFiles/3.11.4/CompilerIdC/a.out"

Determining if the C compiler works passed with the following output:
Change Dir: /tmp/tmp.7SuB7nBQlt/cmake-build-debug-remote-host/CMakeFiles/CMakeTmp

Run Build Command:"/usr/bin/gmake" "cmTC_8d86d/fast"
/usr/bin/gmake -f CMakeFiles/cmTC_8d86d.dir/build.make CMakeFiles/cmTC_8d86d.dir/build
gmake[1]: Entering directory '/tmp/tmp.7SuB7nBQlt/cmake-build-debug-remote-host/CMakeFiles/CMakeTmp'
Building C object CMakeFiles/cmTC_8d86d.dir/testCCompiler.c.o
/usr/bin/cc    -o CMakeFiles/cmTC_8d86d.dir/testCCompiler.c.o   -c /tmp/tmp.7SuB7nBQlt/cmake-build-debug-remote-host/CMakeFiles/CMakeTmp/testCCompiler.c
Linking C executable cmTC_8d86d
/usr/bin/cmake -E cmake_link_script CMakeFiles/cmTC_8d86d.dir/link.txt --verbose=1
/usr/bin/cc      -rdynamic CMakeFiles/cmTC_8d86d.dir/testCCompiler.c.o  -o cmTC_8d86d 
gmake[1]: Leaving directory '/tmp/tmp.7SuB7nBQlt/cmake-build-debug-remote-host/CMakeFiles/CMakeTmp'


Detecting C compiler ABI info compiled with the following output:
Change Dir: /tmp/tmp.7SuB7nBQlt/cmake-build-debug-remote-host/CMakeFiles/CMakeTmp

Run Build Command:"/usr/bin/gmake" "cmTC_cdf8b/fast"
/usr/bin/gmake -f CMakeFiles/cmTC_cdf8b.dir/build.make CMakeFiles/cmTC_cdf8b.dir/build
gmake[1]: Entering directory '/tmp/tmp.7SuB7nBQlt/cmake-build-debug-remote-host/CMakeFiles/CMakeTmp'
Building C object CMakeFiles/cmTC_cdf8b.dir/CMakeCCompilerABI.c.o
/usr/bin/cc    -o CMakeFiles/cmTC_cdf8b.dir/CMakeCCompilerABI.c.o   -c /usr/share/cmake/Modules/CMakeCCompilerABI.c
Linking C executable cmTC_cdf8b
/usr/bin/cmake -E cmake_link_script CMakeFiles/cmTC_cdf8b.dir/link.txt --verbose=1
/usr/bin/cc     -v -rdynamic CMakeFiles/cmTC_cdf8b.dir/CMakeCCompilerABI.c.o  -o cmTC_cdf8b 
Reading specs from /usr/lib64/gcc/x86_64-pld-linux/9.2.0/specs
COLLECT_GCC=/usr/bin/cc
COLLECT_LTO_WRAPPER=/usr/lib64/gcc/x86_64-pld-linux/9.2.0/lto-wrapper
Target: x86_64-pld-linux
Configured with: ../configure --prefix=/usr --with-local-prefix=/usr/local --libdir=/usr/lib64 --libexecdir=/usr/lib64 --infodir=/usr/share/info --mandir=/usr/share/man --x-libraries=/usr/lib64 --enable-bootstrap --disable-build-with-cxx --disable-build-poststage1-with-cxx --enable-c99 --enable-checking=release --disable-cld --enable-cmath --enable-decimal-float --enable-gnu-indirect-function --enable-gnu-unique-object --enable-initfini-array --disable-isl-version-check --enable-languages=c,c++,fortran,objc,obj-c++,ada,go --enable-libgomp --enable-libitm --enable-linker-build-id --enable-linux-futex --enable-long-long --enable-nls --enable-lto --enable-plugin --enable-shared --enable-threads=posix --disable-werror --with-arch-32=x86-64 --with-demangler-in-ld --with-gnu-as --with-gnu-ld --with-linker-hash-style=gnu --with-long-double-128 --with-multilib-list=m32,m64,mx32 --with-slibdir=/lib64 --without-system-libunwind --with-system-zlib --without-x --enable-__cxa_atexit --enable-libstdcxx-allocator=new --disable-libstdcxx-pch --enable-libstdcxx-threads --enable-libstdcxx-time=rt --enable-libstdcxx-visibility --enable-symvers=gnu --with-gxx-include-dir=/usr/include/c++/9.2.0 --enable-vtable-verify --with-pkgversion=PLD-Linux --with-bugurl=http://bugs.pld-linux.org --host=x86_64-pld-linux --build=x86_64-pld-linux
Thread model: posix
gcc version 9.2.0 20190812 (release) (PLD-Linux) 
COMPILER_PATH=/usr/lib64/gcc/x86_64-pld-linux/9.2.0/:/usr/lib64/gcc/x86_64-pld-linux/9.2.0/:/usr/lib64/gcc/x86_64-pld-linux/:/usr/lib64/gcc/x86_64-pld-linux/9.2.0/:/usr/lib64/gcc/x86_64-pld-linux/
LIBRARY_PATH=/usr/lib64/gcc/x86_64-pld-linux/9.2.0/:/usr/lib64/gcc/x86_64-pld-linux/9.2.0/../../../../lib64/:/lib/../lib64/:/usr/lib/../lib64/:/usr/lib64/gcc/x86_64-pld-linux/9.2.0/../../../:/lib/:/usr/lib/
COLLECT_GCC_OPTIONS='-v' '-rdynamic' '-o' 'cmTC_cdf8b' '-mtune=generic' '-march=x86-64'
 /usr/lib64/gcc/x86_64-pld-linux/9.2.0/collect2 -plugin /usr/lib64/gcc/x86_64-pld-linux/9.2.0/liblto_plugin.so -plugin-opt=/usr/lib64/gcc/x86_64-pld-linux/9.2.0/lto-wrapper -plugin-opt=-fresolution=/tmp/cczXvHqC.res -plugin-opt=-pass-through=-lgcc -plugin-opt=-pass-through=-lgcc_s -plugin-opt=-pass-through=-lc -plugin-opt=-pass-through=-lgcc -plugin-opt=-pass-through=-lgcc_s --build-id --eh-frame-hdr --hash-style=gnu -m elf_x86_64 -export-dynamic -dynamic-linker /lib64/ld-linux-x86-64.so.2 -o cmTC_cdf8b /usr/lib64/gcc/x86_64-pld-linux/9.2.0/../../../../lib64/crt1.o /usr/lib64/gcc/x86_64-pld-linux/9.2.0/../../../../lib64/crti.o /usr/lib64/gcc/x86_64-pld-linux/9.2.0/crtbegin.o -L/usr/lib64/gcc/x86_64-pld-linux/9.2.0 -L/usr/lib64/gcc/x86_64-pld-linux/9.2.0/../../../../lib64 -L/lib/../lib64 -L/usr/lib/../lib64 -L/usr/lib64/gcc/x86_64-pld-linux/9.2.0/../../.. CMakeFiles/cmTC_cdf8b.dir/CMakeCCompilerABI.c.o -lgcc --push-state --as-needed -lgcc_s --pop-state -lc -lgcc --push-state --as-needed -lgcc_s --pop-state /usr/lib64/gcc/x86_64-pld-linux/9.2.0/crtend.o /usr/lib64/gcc/x86_64-pld-linux/9.2.0/../../../../lib64/crtn.o
COLLECT_GCC_OPTIONS='-v' '-rdynamic' '-o' 'cmTC_cdf8b' '-mtune=generic' '-march=x86-64'
gmake[1]: Leaving directory '/tmp/tmp.7SuB7nBQlt/cmake-build-debug-remote-host/CMakeFiles/CMakeTmp'


Parsed C implicit link information from above output:
  link line regex: [^( *|.*[/\])(ld|CMAKE_LINK_STARTFILE-NOTFOUND|([^/\]+-)?ld|collect2)[^/\]*( |$)]
  ignore line: [Change Dir: /tmp/tmp.7SuB7nBQlt/cmake-build-debug-remote-host/CMakeFiles/CMakeTmp]
  ignore line: []
  ignore line: [Run Build Command:"/usr/bin/gmake" "cmTC_cdf8b/fast"]
  ignore line: [/usr/bin/gmake -f CMakeFiles/cmTC_cdf8b.dir/build.make CMakeFiles/cmTC_cdf8b.dir/build]
  ignore line: [gmake[1]: Entering directory '/tmp/tmp.7SuB7nBQlt/cmake-build-debug-remote-host/CMakeFiles/CMakeTmp']
  ignore line: [Building C object CMakeFiles/cmTC_cdf8b.dir/CMakeCCompilerABI.c.o]
  ignore line: [/usr/bin/cc    -o CMakeFiles/cmTC_cdf8b.dir/CMakeCCompilerABI.c.o   -c /usr/share/cmake/Modules/CMakeCCompilerABI.c]
  ignore line: [Linking C executable cmTC_cdf8b]
  ignore line: [/usr/bin/cmake -E cmake_link_script CMakeFiles/cmTC_cdf8b.dir/link.txt --verbose=1]
  ignore line: [/usr/bin/cc     -v -rdynamic CMakeFiles/cmTC_cdf8b.dir/CMakeCCompilerABI.c.o  -o cmTC_cdf8b ]
  ignore line: [Reading specs from /usr/lib64/gcc/x86_64-pld-linux/9.2.0/specs]
  ignore line: [COLLECT_GCC=/usr/bin/cc]
  ignore line: [COLLECT_LTO_WRAPPER=/usr/lib64/gcc/x86_64-pld-linux/9.2.0/lto-wrapper]
  ignore line: [Target: x86_64-pld-linux]
  ignore line: [Configured with: ../configure --prefix=/usr --with-local-prefix=/usr/local --libdir=/usr/lib64 --libexecdir=/usr/lib64 --infodir=/usr/share/info --mandir=/usr/share/man --x-libraries=/usr/lib64 --enable-bootstrap --disable-build-with-cxx --disable-build-poststage1-with-cxx --enable-c99 --enable-checking=release --disable-cld --enable-cmath --enable-decimal-float --enable-gnu-indirect-function --enable-gnu-unique-object --enable-initfini-array --disable-isl-version-check --enable-languages=c,c++,fortran,objc,obj-c++,ada,go --enable-libgomp --enable-libitm --enable-linker-build-id --enable-linux-futex --enable-long-long --enable-nls --enable-lto --enable-plugin --enable-shared --enable-threads=posix --disable-werror --with-arch-32=x86-64 --with-demangler-in-ld --with-gnu-as --with-gnu-ld --with-linker-hash-style=gnu --with-long-double-128 --with-multilib-list=m32,m64,mx32 --with-slibdir=/lib64 --without-system-libunwind --with-system-zlib --without-x --enable-__cxa_atexit --enable-libstdcxx-allocator=new --disable-libstdcxx-pch --enable-libstdcxx-threads --enable-libstdcxx-time=rt --enable-libstdcxx-visibility --enable-symvers=gnu --with-gxx-include-dir=/usr/include/c++/9.2.0 --enable-vtable-verify --with-pkgversion=PLD-Linux --with-bugurl=http://bugs.pld-linux.org --host=x86_64-pld-linux --build=x86_64-pld-linux]
  ignore line: [Thread model: posix]
  ignore line: [gcc version 9.2.0 20190812 (release) (PLD-Linux) ]
  ignore line: [COMPILER_PATH=/usr/lib64/gcc/x86_64-pld-linux/9.2.0/:/usr/lib64/gcc/x86_64-pld-linux/9.2.0/:/usr/lib64/gcc/x86_64-pld-linux/:/usr/lib64/gcc/x86_64-pld-linux/9.2.0/:/usr/lib64/gcc/x86_64-pld-linux/]
  ignore line: [LIBRARY_PATH=/usr/lib64/gcc/x86_64-pld-linux/9.2.0/:/usr/lib64/gcc/x86_64-pld-linux/9.2.0/../../../../lib64/:/lib/../lib64/:/usr/lib/../lib64/:/usr/lib64/gcc/x86_64-pld-linux/9.2.0/../../../:/lib/:/usr/lib/]
  ignore line: [COLLECT_GCC_OPTIONS='-v' '-rdynamic' '-o' 'cmTC_cdf8b' '-mtune=generic' '-march=x86-64']
  link line: [ /usr/lib64/gcc/x86_64-pld-linux/9.2.0/collect2 -plugin /usr/lib64/gcc/x86_64-pld-linux/9.2.0/liblto_plugin.so -plugin-opt=/usr/lib64/gcc/x86_64-pld-linux/9.2.0/lto-wrapper -plugin-opt=-fresolution=/tmp/cczXvHqC.res -plugin-opt=-pass-through=-lgcc -plugin-opt=-pass-through=-lgcc_s -plugin-opt=-pass-through=-lc -plugin-opt=-pass-through=-lgcc -plugin-opt=-pass-through=-lgcc_s --build-id --eh-frame-hdr --hash-style=gnu -m elf_x86_64 -export-dynamic -dynamic-linker /lib64/ld-linux-x86-64.so.2 -o cmTC_cdf8b /usr/lib64/gcc/x86_64-pld-linux/9.2.0/../../../../lib64/crt1.o /usr/lib64/gcc/x86_64-pld-linux/9.2.0/../../../../lib64/crti.o /usr/lib64/gcc/x86_64-pld-linux/9.2.0/crtbegin.o -L/usr/lib64/gcc/x86_64-pld-linux/9.2.0 -L/usr/lib64/gcc/x86_64-pld-linux/9.2.0/../../../../lib64 -L/lib/../lib64 -L/usr/lib/../lib64 -L/usr/lib64/gcc/x86_64-pld-linux/9.2.0/../../.. CMakeFiles/cmTC_cdf8b.dir/CMakeCCompilerABI.c.o -lgcc --push-state --as-needed -lgcc_s --pop-state -lc -lgcc --push-state --as-needed -lgcc_s --pop-state /usr/lib64/gcc/x86_64-pld-linux/9.2.0/crtend.o /usr/lib64/gcc/x86_64-pld-linux/9.2.0/../../../../lib64/crtn.o]
    arg [/usr/lib64/gcc/x86_64-pld-linux/9.2.0/collect2] ==> ignore
    arg [-plugin] ==> ignore
    arg [/usr/lib64/gcc/x86_64-pld-linux/9.2.0/liblto_plugin.so] ==> ignore
    arg [-plugin-opt=/usr/lib64/gcc/x86_64-pld-linux/9.2.0/lto-wrapper] ==> ignore
    arg [-plugin-opt=-fresolution=/tmp/cczXvHqC.res] ==> ignore
    arg [-plugin-opt=-pass-through=-lgcc] ==> ignore
    arg [-plugin-opt=-pass-through=-lgcc_s] ==> ignore
    arg [-plugin-opt=-pass-through=-lc] ==> ignore
    arg [-plugin-opt=-pass-through=-lgcc] ==> ignore
    arg [-plugin-opt=-pass-through=-lgcc_s] ==> ignore
    arg [--build-id] ==> ignore
    arg [--eh-frame-hdr] ==> ignore
    arg [--hash-style=gnu] ==> ignore
    arg [-m] ==> ignore
    arg [elf_x86_64] ==> ignore
    arg [-export-dynamic] ==> ignore
    arg [-dynamic-linker] ==> ignore
    arg [/lib64/ld-linux-x86-64.so.2] ==> ignore
    arg [-o] ==> ignore
    arg [cmTC_cdf8b] ==> ignore
    arg [/usr/lib64/gcc/x86_64-pld-linux/9.2.0/../../../../lib64/crt1.o] ==> ignore
    arg [/usr/lib64/gcc/x86_64-pld-linux/9.2.0/../../../../lib64/crti.o] ==> ignore
    arg [/usr/lib64/gcc/x86_64-pld-linux/9.2.0/crtbegin.o] ==> ignore
    arg [-L/usr/lib64/gcc/x86_64-pld-linux/9.2.0] ==> dir [/usr/lib64/gcc/x86_64-pld-linux/9.2.0]
    arg [-L/usr/lib64/gcc/x86_64-pld-linux/9.2.0/../../../../lib64] ==> dir [/usr/lib64/gcc/x86_64-pld-linux/9.2.0/../../../../lib64]
    arg [-L/lib/../lib64] ==> dir [/lib/../lib64]
    arg [-L/usr/lib/../lib64] ==> dir [/usr/lib/../lib64]
    arg [-L/usr/lib64/gcc/x86_64-pld-linux/9.2.0/../../..] ==> dir [/usr/lib64/gcc/x86_64-pld-linux/9.2.0/../../..]
    arg [CMakeFiles/cmTC_cdf8b.dir/CMakeCCompilerABI.c.o] ==> ignore
    arg [-lgcc] ==> lib [gcc]
    arg [--push-state] ==> ignore
    arg [--as-needed] ==> ignore
    arg [-lgcc_s] ==> lib [gcc_s]
    arg [--pop-state] ==> ignore
    arg [-lc] ==> lib [c]
    arg [-lgcc] ==> lib [gcc]
    arg [--push-state] ==> ignore
    arg [--as-needed] ==> ignore
    arg [-lgcc_s] ==> lib [gcc_s]
    arg [--pop-state] ==> ignore
    arg [/usr/lib64/gcc/x86_64-pld-linux/9.2.0/crtend.o] ==> ignore
    arg [/usr/lib64/gcc/x86_64-pld-linux/9.2.0/../../../../lib64/crtn.o] ==> ignore
  collapse library dir [/usr/lib64/gcc/x86_64-pld-linux/9.2.0] ==> [/usr/lib64/gcc/x86_64-pld-linux/9.2.0]
  collapse library dir [/usr/lib64/gcc/x86_64-pld-linux/9.2.0/../../../../lib64] ==> [/usr/lib64]
  collapse library dir [/lib/../lib64] ==> [/lib64]
  collapse library dir [/usr/lib/../lib64] ==> [/usr/lib64]
  collapse library dir [/usr/lib64/gcc/x86_64-pld-linux/9.2.0/../../..] ==> [/usr/lib64]
  implicit libs: [gcc;gcc_s;c;gcc;gcc_s]
  implicit dirs: [/usr/lib64/gcc/x86_64-pld-linux/9.2.0;/usr/lib64;/lib64]
  implicit fwks: []




Detecting C [-std=c11] compiler features compiled with the following output:
Change Dir: /tmp/tmp.7SuB7nBQlt/cmake-build-debug-remote-host/CMakeFiles/CMakeTmp

Run Build Command:"/usr/bin/gmake" "cmTC_998cb/fast"
/usr/bin/gmake -f CMakeFiles/cmTC_998cb.dir/build.make CMakeFiles/cmTC_998cb.dir/build
gmake[1]: Entering directory '/tmp/tmp.7SuB7nBQlt/cmake-build-debug-remote-host/CMakeFiles/CMakeTmp'
Building C object CMakeFiles/cmTC_998cb.dir/feature_tests.c.o
/usr/bin/cc   -std=c11 -o CMakeFiles/cmTC_998cb.dir/feature_tests.c.o   -c /tmp/tmp.7SuB7nBQlt/cmake-build-debug-remote-host/CMakeFiles/feature_tests.c
Linking C executable cmTC_998cb
/usr/bin/cmake -E cmake_link_script CMakeFiles/cmTC_998cb.dir/link.txt --verbose=1
/usr/bin/cc      -rdynamic CMakeFiles/cmTC_998cb.dir/feature_tests.c.o  -o cmTC_998cb 
gmake[1]: Leaving directory '/tmp/tmp.7SuB7nBQlt/cmake-build-debug-remote-host/CMakeFiles/CMakeTmp'


    Feature record: C_FEATURE:1c_function_prototypes
    Feature record: C_FEATURE:1c_restrict
    Feature record: C_FEATURE:1c_static_assert
    Feature record: C_FEATURE:1c_variadic_macros


Detecting C [-std=c99] compiler features compiled with the following output:
Change Dir: /tmp/tmp.7SuB7nBQlt/cmake-build-debug-remote-host/CMakeFiles/CMakeTmp

Run Build Command:"/usr/bin/gmake" "cmTC_ba0eb/fast"
/usr/bin/gmake -f CMakeFiles/cmTC_ba0eb.dir/build.make CMakeFiles/cmTC_ba0eb.dir/build
gmake[1]: Entering directory '/tmp/tmp.7SuB7nBQlt/cmake-build-debug-remote-host/CMakeFiles/CMakeTmp'
Building C object CMakeFiles/cmTC_ba0eb.dir/feature_tests.c.o
/usr/bin/cc   -std=c99 -o CMakeFiles/cmTC_ba0eb.dir/feature_tests.c.o   -c /tmp/tmp.7SuB7nBQlt/cmake-build-debug-remote-host/CMakeFiles/feature_tests.c
Linking C executable cmTC_ba0eb
/usr/bin/cmake -E cmake_link_script CMakeFiles/cmTC_ba0eb.dir/link.txt --verbose=1
/usr/bin/cc      -rdynamic CMakeFiles/cmTC_ba0eb.dir/feature_tests.c.o  -o cmTC_ba0eb 
gmake[1]: Leaving directory '/tmp/tmp.7SuB7nBQlt/cmake-build-debug-remote-host/CMakeFiles/CMakeTmp'


    Feature record: C_FEATURE:1c_function_prototypes
    Feature record: C_FEATURE:1c_restrict
    Feature record: C_FEATURE:0c_static_assert
    Feature record: C_FEATURE:1c_variadic_macros


Detecting C [-std=c90] compiler features compiled with the following output:
Change Dir: /tmp/tmp.7SuB7nBQlt/cmake-build-debug-remote-host/CMakeFiles/CMakeTmp

Run Build Command:"/usr/bin/gmake" "cmTC_55d93/fast"
/usr/bin/gmake -f CMakeFiles/cmTC_55d93.dir/build.make CMakeFiles/cmTC_55d93.dir/build
gmake[1]: Entering directory '/tmp/tmp.7SuB7nBQlt/cmake-build-debug-remote-host/CMakeFiles/CMakeTmp'
Building C object CMakeFiles/cmTC_55d93.dir/feature_tests.c.o
/usr/bin/cc   -std=c90 -o CMakeFiles/cmTC_55d93.dir/feature_tests.c.o   -c /tmp/tmp.7SuB7nBQlt/cmake-build-debug-remote-host/CMakeFiles/feature_tests.c
Linking C executable cmTC_55d93
/usr/bin/cmake -E cmake_link_script CMakeFiles/cmTC_55d93.dir/link.txt --verbose=1
/usr/bin/cc      -rdynamic CMakeFiles/cmTC_55d93.dir/feature_tests.c.o  -o cmTC_55d93 
gmake[1]: Leaving directory '/tmp/tmp.7SuB7nBQlt/cmake-build-debug-remote-host/CMakeFiles/CMakeTmp'


    Feature record: C_FEATURE:1c_function_prototypes
    Feature record: C_FEATURE:0c_restrict
    Feature record: C_FEATURE:0c_static_assert
    Feature record: C_FEATURE:0c_variadic_macros
